<?xml version="1.0" encoding="UTF-8"?>
<!-- Generated by org.testng.reporters.JUnitReportReporter -->
<testsuite hostname="LIN83005874" failures="0" tests="1" name="Tests.UrlTest" time="11.670" errors="1" timestamp="2022-09-26T14:32:57 IST" skipped="0">
  <testcase classname="Tests.UrlTest" name="UrlTest" time="11.670">
    <error message="Error {
  message=&#039;Navigation failed because page was closed!
=========================== logs ===========================
navigating to &quot;https://www.amazon.com/&quot;, waiting until &quot;load&quot;
============================================================
  name=&#039;Error
  stack=&#039;Error: Navigation failed because page was closed!
=========================== logs ===========================
navigating to &quot;https://www.amazon.com/&quot;, waiting until &quot;load&quot;
============================================================
    at C:\Users\MUSTMOHA\AppData\Local\Temp\playwright-java-14831494232049016459\package\lib\server\frames.js:673:13
    at async ProgressController.run (C:\Users\MUSTMOHA\AppData\Local\Temp\playwright-java-14831494232049016459\package\lib\server\progress.js:101:22)
    at async FrameDispatcher.goto (C:\Users\MUSTMOHA\AppData\Local\Temp\playwright-java-14831494232049016459\package\lib\server\dispatchers\frameDispatcher.js:87:59)
    at async DispatcherConnection.dispatch (C:\Users\MUSTMOHA\AppData\Local\Temp\playwright-java-14831494232049016459\package\lib\server\dispatchers\dispatcher.js:397:22)
}" type="com.microsoft.playwright.PlaywrightException">
      <![CDATA[com.microsoft.playwright.PlaywrightException: Error {
  message='Navigation failed because page was closed!
=========================== logs ===========================
navigating to "https://www.amazon.com/", waiting until "load"
============================================================
  name='Error
  stack='Error: Navigation failed because page was closed!
=========================== logs ===========================
navigating to "https://www.amazon.com/", waiting until "load"
============================================================
    at C:\Users\MUSTMOHA\AppData\Local\Temp\playwright-java-14831494232049016459\package\lib\server\frames.js:673:13
    at async ProgressController.run (C:\Users\MUSTMOHA\AppData\Local\Temp\playwright-java-14831494232049016459\package\lib\server\progress.js:101:22)
    at async FrameDispatcher.goto (C:\Users\MUSTMOHA\AppData\Local\Temp\playwright-java-14831494232049016459\package\lib\server\dispatchers\frameDispatcher.js:87:59)
    at async DispatcherConnection.dispatch (C:\Users\MUSTMOHA\AppData\Local\Temp\playwright-java-14831494232049016459\package\lib\server\dispatchers\dispatcher.js:397:22)
}
at com.microsoft.playwright.impl.WaitableResult.get(WaitableResult.java:54)
at com.microsoft.playwright.impl.ChannelOwner.runUntil(ChannelOwner.java:109)
at com.microsoft.playwright.impl.Connection.sendMessage(Connection.java:108)
at com.microsoft.playwright.impl.ChannelOwner.sendMessage(ChannelOwner.java:100)
at com.microsoft.playwright.impl.FrameImpl.navigateImpl(FrameImpl.java:401)
at com.microsoft.playwright.impl.PageImpl.lambda$navigate$32(PageImpl.java:800)
at com.microsoft.playwright.impl.LoggingSupport.withLogging(LoggingSupport.java:47)
at com.microsoft.playwright.impl.ChannelOwner.withLogging(ChannelOwner.java:85)
at com.microsoft.playwright.impl.PageImpl.navigate(PageImpl.java:800)
at com.microsoft.playwright.impl.PageImpl.navigate(PageImpl.java:41)
at com.microsoft.playwright.Page.navigate(Page.java:4309)
at Base.Utility.launchUrl(Utility.java:71)
at Tests.UrlTest.UrlTest(UrlTest.java:28)
at java.base/jdk.internal.reflect.DirectMethodHandleAccessor.invoke(DirectMethodHandleAccessor.java:104)
at java.base/java.lang.reflect.Method.invoke(Method.java:577)
at org.testng.internal.invokers.MethodInvocationHelper.invokeMethod(MethodInvocationHelper.java:139)
at org.testng.internal.invokers.TestInvoker.invokeMethod(TestInvoker.java:677)
at org.testng.internal.invokers.TestInvoker.invokeTestMethod(TestInvoker.java:221)
at org.testng.internal.invokers.MethodRunner.runInSequence(MethodRunner.java:50)
at org.testng.internal.invokers.TestInvoker$MethodInvocationAgent.invoke(TestInvoker.java:962)
at org.testng.internal.invokers.TestInvoker.invokeTestMethods(TestInvoker.java:194)
at org.testng.internal.invokers.TestMethodWorker.invokeTestMethods(TestMethodWorker.java:148)
at org.testng.internal.invokers.TestMethodWorker.run(TestMethodWorker.java:128)
at java.base/java.util.ArrayList.forEach(ArrayList.java:1511)
at org.testng.TestRunner.privateRun(TestRunner.java:806)
at org.testng.TestRunner.run(TestRunner.java:601)
at org.testng.SuiteRunner.runTest(SuiteRunner.java:433)
at org.testng.SuiteRunner.runSequentially(SuiteRunner.java:427)
at org.testng.SuiteRunner.privateRun(SuiteRunner.java:387)
at org.testng.SuiteRunner.run(SuiteRunner.java:330)
at org.testng.SuiteRunnerWorker.runSuite(SuiteRunnerWorker.java:52)
at org.testng.SuiteRunnerWorker.run(SuiteRunnerWorker.java:95)
at org.testng.TestNG.runSuitesSequentially(TestNG.java:1256)
at org.testng.TestNG.runSuitesLocally(TestNG.java:1176)
at org.testng.TestNG.runSuites(TestNG.java:1099)
at org.testng.TestNG.run(TestNG.java:1067)
at org.testng.remote.AbstractRemoteTestNG.run(AbstractRemoteTestNG.java:115)
at org.testng.remote.RemoteTestNG.initAndRun(RemoteTestNG.java:251)
at org.testng.remote.RemoteTestNG.main(RemoteTestNG.java:77)
Caused by: com.microsoft.playwright.impl.DriverException: Error {
  message='Navigation failed because page was closed!
=========================== logs ===========================
navigating to "https://www.amazon.com/", waiting until "load"
============================================================
  name='Error
  stack='Error: Navigation failed because page was closed!
=========================== logs ===========================
navigating to "https://www.amazon.com/", waiting until "load"
============================================================
    at C:\Users\MUSTMOHA\AppData\Local\Temp\playwright-java-14831494232049016459\package\lib\server\frames.js:673:13
    at async ProgressController.run (C:\Users\MUSTMOHA\AppData\Local\Temp\playwright-java-14831494232049016459\package\lib\server\progress.js:101:22)
    at async FrameDispatcher.goto (C:\Users\MUSTMOHA\AppData\Local\Temp\playwright-java-14831494232049016459\package\lib\server\dispatchers\frameDispatcher.js:87:59)
    at async DispatcherConnection.dispatch (C:\Users\MUSTMOHA\AppData\Local\Temp\playwright-java-14831494232049016459\package\lib\server\dispatchers\dispatcher.js:397:22)
}
at com.microsoft.playwright.impl.Connection.dispatch(Connection.java:190)
at com.microsoft.playwright.impl.Connection.processOneMessage(Connection.java:170)
at com.microsoft.playwright.impl.ChannelOwner.runUntil(ChannelOwner.java:107)
... 37 more
]]>
    </error>
  </testcase> <!-- UrlTest -->
  <system-out/>
</testsuite> <!-- Tests.UrlTest -->
